<?xml version="1.0" encoding="UTF-8"?>
<testsuite xmlns:xsi="http://www.w3.org/2001/XMLSchema-instance" xsi:noNamespaceSchemaLocation="https://maven.apache.org/surefire/maven-surefire-plugin/xsd/surefire-test-report-3.0.xsd" version="3.0" name="br.edu.umfg.exerciciosAPI.ExerciciosApiApplicationTests" time="4.932" tests="1" errors="0" skipped="0" failures="0">
  <properties>
[...]
</properties>
  <testcase name="contextLoads" classname="br.edu.umfg.exerciciosAPI.ExerciciosApiApplicationTests" time="1.402">
    <system-out><![CDATA[21:38:50.241 [main] INFO org.springframework.test.context.support.AnnotationConfigContextLoaderUtils -- Could not detect default configuration classes for test class [br.edu.umfg.exerciciosAPI.ExerciciosApiApplicationTests]: ExerciciosApiApplicationTests does not declare any static, non-private, non-final, nested classes annotated with @Configuration.
21:38:50.382 [main] INFO org.springframework.boot.test.context.SpringBootTestContextBootstrapper -- Found @SpringBootConfiguration br.edu.umfg.exerciciosAPI.ExerciciosApiApplication for test class br.edu.umfg.exerciciosAPI.ExerciciosApiApplicationTests

  .   ____          _            __ _ _
 /\\ / ___'_ __ _ _(_)_ __  __ _ \ \ \ \
( ( )\___ | '_ | '_| | '_ \/ _` | \ \ \ \
 \\/  ___)| |_)| | | | | || (_| |  ) ) ) )
  '  |____| .__|_| |_|_| |_\__, | / / / /
 =========|_|==============|___/=/_/_/_/
 :: Spring Boot ::                (v3.1.4)

2023-11-08T21:38:51.041-03:00  INFO 24856 --- [           main] b.e.u.e.ExerciciosApiApplicationTests    : Starting ExerciciosApiApplicationTests using Java 21.0.1 with PID 24856 (started by maria in C:\Users\maria\OneDrive\Área de Trabalho\atividade_api_com_springboot_e_frontend-main\ApiDeClienteComFrontEnd\back-end)
2023-11-08T21:38:51.044-03:00  INFO 24856 --- [           main] b.e.u.e.ExerciciosApiApplicationTests    : No active profile set, falling back to 1 default profile: "default"
2023-11-08T21:38:53.479-03:00  INFO 24856 --- [           main] b.e.u.e.ExerciciosApiApplicationTests    : Started ExerciciosApiApplicationTests in 2.864 seconds (process running for 4.262)
]]></system-out>
    <system-err><![CDATA[WARNING: A Java agent has been loaded dynamically (C:\Users\maria\.m2\repository\net\bytebuddy\byte-buddy-agent\1.14.8\byte-buddy-agent-1.14.8.jar)
WARNING: If a serviceability tool is in use, please run with -XX:+EnableDynamicAgentLoading to hide this warning
WARNING: If a serviceability tool is not in use, please run with -Djdk.instrument.traceUsage for more information
WARNING: Dynamic loading of agents will be disallowed by default in a future release
]]></system-err>
  </testcase>
</testsuite>